<?xml version="1.0" encoding="UTF-8"?>
<testsuite xmlns:xsi="http://www.w3.org/2001/XMLSchema-instance" xsi:noNamespaceSchemaLocation="https://maven.apache.org/surefire/maven-surefire-plugin/xsd/surefire-test-report.xsd" name="com.rpsoft.junit.app.suite.CustomTestSuite" time="0.317" tests="6" errors="0" skipped="0" failures="0">
  <properties>
[...]
</properties>
  <testcase name="testSortArray_1000k200msPerformanceTest" classname="com.rpsoft.junit.app.ArrayUtilsTest" time="0.167"/>
  <testcase name="testSortArray_NegativeTest" classname="com.rpsoft.junit.app.ArrayUtilsTest" time="0.002"/>
  <testcase name="testSortArray_NullPointerException" classname="com.rpsoft.junit.app.ArrayUtilsTest" time="0.001"/>
  <testcase name="testSortArray_AscendingSort" classname="com.rpsoft.junit.app.ArrayUtilsTest" time="0"/>
  <testcase name="test1" classname="com.rpsoft.junit.app.StringUtilsTest" time="0.001"/>
  <testcase name="test2" classname="com.rpsoft.junit.app.StringUtilsTest" time="0.002"/>
</testsuite>